<?xml version="1.0" encoding="UTF-8"?>
<testng-results ignored="0" total="1" passed="1" failed="0" skipped="0">
  <reporter-output>
  </reporter-output>
  <suite started-at="2021-06-20T12:04:21 IST" name="Suite" finished-at="2021-06-20T12:04:31 IST" duration-ms="9121">
    <groups>
    </groups>
    <test started-at="2021-06-20T12:04:21 IST" name="Chrome Test" finished-at="2021-06-20T12:04:31 IST" duration-ms="9121">
      <class name="com.pratian.automation.testclass.TestSignIn">
        <test-method is-config="true" signature="setUp(java.lang.String)[pri:0, instance:com.pratian.automation.testclass.TestSignIn@482bce4f]" started-at="2021-06-20T12:04:22 IST" name="setUp" finished-at="2021-06-20T12:04:26 IST" duration-ms="4299" status="PASS">
          <params>
            <param index="0">
              <value>
                <![CDATA[chrome]]>
              </value>
            </param>
          </params>
          <reporter-output>
          </reporter-output>
        </test-method> <!-- setUp -->
        <test-method signature="checkLogin(java.lang.String,java.lang.String)[pri:0, instance:com.pratian.automation.testclass.TestSignIn@482bce4f]" started-at="2021-06-20T12:04:28 IST" name="checkLogin" data-provider="login" finished-at="2021-06-20T12:04:28 IST" duration-ms="556" status="PASS">
          <params>
            <param index="0">
              <value>
                <![CDATA[kk]]>
              </value>
            </param>
            <param index="1">
              <value>
                <![CDATA[password@123]]>
              </value>
            </param>
          </params>
          <reporter-output>
          </reporter-output>
        </test-method> <!-- checkLogin -->
        <test-method is-config="true" signature="tearDown()[pri:0, instance:com.pratian.automation.testclass.TestSignIn@482bce4f]" started-at="2021-06-20T12:04:28 IST" name="tearDown" finished-at="2021-06-20T12:04:31 IST" duration-ms="2476" status="PASS">
          <reporter-output>
          </reporter-output>
        </test-method> <!-- tearDown -->
      </class> <!-- com.pratian.automation.testclass.TestSignIn -->
    </test> <!-- Chrome Test -->
  </suite> <!-- Suite -->
</testng-results>
